d:\desktopd\c++\netology\homework netology\blok_3\courseproject 2\courseproject2\vehiclesdll\x64\debug\vc143.pdb
d:\desktopd\c++\netology\homework netology\blok_3\courseproject 2\courseproject2\vehiclesdll\x64\debug\vc143.idb
d:\desktopd\c++\netology\homework netology\blok_3\courseproject 2\courseproject2\vehiclesdll\x64\debug\vehicles.obj
d:\desktopd\c++\netology\homework netology\blok_3\courseproject 2\courseproject2\vehiclesdll\x64\debug\speedcamel.obj
d:\desktopd\c++\netology\homework netology\blok_3\courseproject 2\courseproject2\vehiclesdll\x64\debug\magiccarpet.obj
d:\desktopd\c++\netology\homework netology\blok_3\courseproject 2\courseproject2\vehiclesdll\x64\debug\groundvehicles.obj
d:\desktopd\c++\netology\homework netology\blok_3\courseproject 2\courseproject2\vehiclesdll\x64\debug\eagle.obj
d:\desktopd\c++\netology\homework netology\blok_3\courseproject 2\courseproject2\vehiclesdll\x64\debug\centaur.obj
d:\desktopd\c++\netology\homework netology\blok_3\courseproject 2\courseproject2\vehiclesdll\x64\debug\camel.obj
d:\desktopd\c++\netology\homework netology\blok_3\courseproject 2\courseproject2\vehiclesdll\x64\debug\broom.obj
d:\desktopd\c++\netology\homework netology\blok_3\courseproject 2\courseproject2\vehiclesdll\x64\debug\allterrainboots.obj
d:\desktopd\c++\netology\homework netology\blok_3\courseproject 2\courseproject2\vehiclesdll\x64\debug\airvehicles.obj
d:\desktopd\c++\netology\homework netology\blok_3\courseproject 2\courseproject2\vehiclesdll\x64\debug\vehiclesdll.ilk
d:\desktopd\c++\netology\homework netology\blok_3\courseproject 2\courseproject2\x64\debug\vehiclesdll.dll
d:\desktopd\c++\netology\homework netology\blok_3\courseproject 2\courseproject2\x64\debug\vehiclesdll.pdb
d:\desktopd\c++\netology\homework netology\blok_3\courseproject 2\courseproject2\x64\debug\vehiclesdll.lib
d:\desktopd\c++\netology\homework netology\blok_3\courseproject 2\courseproject2\x64\debug\vehiclesdll.exp
d:\desktopd\c++\netology\homework netology\blok_3\courseproject 2\courseproject2\vehiclesdll\x64\debug\vehiclesdll.tlog\cl.command.1.tlog
d:\desktopd\c++\netology\homework netology\blok_3\courseproject 2\courseproject2\vehiclesdll\x64\debug\vehiclesdll.tlog\cl.read.1.tlog
d:\desktopd\c++\netology\homework netology\blok_3\courseproject 2\courseproject2\vehiclesdll\x64\debug\vehiclesdll.tlog\cl.write.1.tlog
d:\desktopd\c++\netology\homework netology\blok_3\courseproject 2\courseproject2\vehiclesdll\x64\debug\vehiclesdll.tlog\link.command.1.tlog
d:\desktopd\c++\netology\homework netology\blok_3\courseproject 2\courseproject2\vehiclesdll\x64\debug\vehiclesdll.tlog\link.read.1.tlog
d:\desktopd\c++\netology\homework netology\blok_3\courseproject 2\courseproject2\vehiclesdll\x64\debug\vehiclesdll.tlog\link.write.1.tlog
d:\desktopd\c++\netology\homework netology\blok_3\courseproject 2\courseproject2\vehiclesdll\x64\debug\vehiclesdll.tlog\vehiclesdll.write.1u.tlog
