  AirVehicles.cpp
D:\DesktopD\C++\Netology\Homework Netology\Blok_3\CourseProject 2\CourseProject2\VehiclesDLL\Vehicles.h(18,9): warning C4251: Vehicles::name: class "std::basic_string<char,std::char_traits<char>,std::allocator<char>>" должен иметь dll-интерфейс для использования клиентами class "Vehicles"
C:\Program Files\Microsoft Visual Studio\2022\Community\VC\Tools\MSVC\14.33.31629\include\xstring(5186): message : см. объявление "std::basic_string<char,std::char_traits<char>,std::allocator<char>>"
D:\DesktopD\C++\Netology\Homework Netology\Blok_3\CourseProject 2\CourseProject2\VehiclesDLL\AirVehicles.cpp(4,9): warning C4244: return: преобразование "double" в "int", возможна потеря данных
  AllTerrainBoots.cpp
D:\DesktopD\C++\Netology\Homework Netology\Blok_3\CourseProject 2\CourseProject2\VehiclesDLL\Vehicles.h(18,9): warning C4251: Vehicles::name: class "std::basic_string<char,std::char_traits<char>,std::allocator<char>>" должен иметь dll-интерфейс для использования клиентами class "Vehicles"
C:\Program Files\Microsoft Visual Studio\2022\Community\VC\Tools\MSVC\14.33.31629\include\xstring(5186): message : см. объявление "std::basic_string<char,std::char_traits<char>,std::allocator<char>>"
  Broom.cpp
D:\DesktopD\C++\Netology\Homework Netology\Blok_3\CourseProject 2\CourseProject2\VehiclesDLL\Vehicles.h(18,9): warning C4251: Vehicles::name: class "std::basic_string<char,std::char_traits<char>,std::allocator<char>>" должен иметь dll-интерфейс для использования клиентами class "Vehicles"
C:\Program Files\Microsoft Visual Studio\2022\Community\VC\Tools\MSVC\14.33.31629\include\xstring(5186): message : см. объявление "std::basic_string<char,std::char_traits<char>,std::allocator<char>>"
  Camel.cpp
D:\DesktopD\C++\Netology\Homework Netology\Blok_3\CourseProject 2\CourseProject2\VehiclesDLL\Vehicles.h(18,9): warning C4251: Vehicles::name: class "std::basic_string<char,std::char_traits<char>,std::allocator<char>>" должен иметь dll-интерфейс для использования клиентами class "Vehicles"
C:\Program Files\Microsoft Visual Studio\2022\Community\VC\Tools\MSVC\14.33.31629\include\xstring(5186): message : см. объявление "std::basic_string<char,std::char_traits<char>,std::allocator<char>>"
  Centaur.cpp
D:\DesktopD\C++\Netology\Homework Netology\Blok_3\CourseProject 2\CourseProject2\VehiclesDLL\Vehicles.h(18,9): warning C4251: Vehicles::name: class "std::basic_string<char,std::char_traits<char>,std::allocator<char>>" должен иметь dll-интерфейс для использования клиентами class "Vehicles"
C:\Program Files\Microsoft Visual Studio\2022\Community\VC\Tools\MSVC\14.33.31629\include\xstring(5186): message : см. объявление "std::basic_string<char,std::char_traits<char>,std::allocator<char>>"
  Eagle.cpp
D:\DesktopD\C++\Netology\Homework Netology\Blok_3\CourseProject 2\CourseProject2\VehiclesDLL\Vehicles.h(18,9): warning C4251: Vehicles::name: class "std::basic_string<char,std::char_traits<char>,std::allocator<char>>" должен иметь dll-интерфейс для использования клиентами class "Vehicles"
C:\Program Files\Microsoft Visual Studio\2022\Community\VC\Tools\MSVC\14.33.31629\include\xstring(5186): message : см. объявление "std::basic_string<char,std::char_traits<char>,std::allocator<char>>"
  GroundVehicles.cpp
D:\DesktopD\C++\Netology\Homework Netology\Blok_3\CourseProject 2\CourseProject2\VehiclesDLL\Vehicles.h(18,9): warning C4251: Vehicles::name: class "std::basic_string<char,std::char_traits<char>,std::allocator<char>>" должен иметь dll-интерфейс для использования клиентами class "Vehicles"
C:\Program Files\Microsoft Visual Studio\2022\Community\VC\Tools\MSVC\14.33.31629\include\xstring(5186): message : см. объявление "std::basic_string<char,std::char_traits<char>,std::allocator<char>>"
  MagicCarpet.cpp
D:\DesktopD\C++\Netology\Homework Netology\Blok_3\CourseProject 2\CourseProject2\VehiclesDLL\Vehicles.h(18,9): warning C4251: Vehicles::name: class "std::basic_string<char,std::char_traits<char>,std::allocator<char>>" должен иметь dll-интерфейс для использования клиентами class "Vehicles"
C:\Program Files\Microsoft Visual Studio\2022\Community\VC\Tools\MSVC\14.33.31629\include\xstring(5186): message : см. объявление "std::basic_string<char,std::char_traits<char>,std::allocator<char>>"
  SpeedCamel.cpp
D:\DesktopD\C++\Netology\Homework Netology\Blok_3\CourseProject 2\CourseProject2\VehiclesDLL\Vehicles.h(18,9): warning C4251: Vehicles::name: class "std::basic_string<char,std::char_traits<char>,std::allocator<char>>" должен иметь dll-интерфейс для использования клиентами class "Vehicles"
C:\Program Files\Microsoft Visual Studio\2022\Community\VC\Tools\MSVC\14.33.31629\include\xstring(5186): message : см. объявление "std::basic_string<char,std::char_traits<char>,std::allocator<char>>"
D:\DesktopD\C++\Netology\Homework Netology\Blok_3\CourseProject 2\CourseProject2\VehiclesDLL\SpeedCamel.cpp(3,28): warning C4244: аргумент: преобразование "double" в "int", возможна потеря данных
  Vehicles.cpp
D:\DesktopD\C++\Netology\Homework Netology\Blok_3\CourseProject 2\CourseProject2\VehiclesDLL\Vehicles.h(18,9): warning C4251: Vehicles::name: class "std::basic_string<char,std::char_traits<char>,std::allocator<char>>" должен иметь dll-интерфейс для использования клиентами class "Vehicles"
C:\Program Files\Microsoft Visual Studio\2022\Community\VC\Tools\MSVC\14.33.31629\include\xstring(5186): message : см. объявление "std::basic_string<char,std::char_traits<char>,std::allocator<char>>"
  Создание кода...
     Создается библиотека D:\DesktopD\C++\Netology\Homework Netology\Blok_3\CourseProject 2\CourseProject2\x64\Debug\VehiclesDLL.lib и объект D:\DesktopD\C++\Netology\Homework Netology\Blok_3\CourseProject 2\CourseProject2\x64\Debug\VehiclesDLL.exp
  VehiclesDLL.vcxproj -> D:\DesktopD\C++\Netology\Homework Netology\Blok_3\CourseProject 2\CourseProject2\x64\Debug\VehiclesDLL.dll
